<?xml version="1.0" encoding="UTF-8"?>
<!-- Generated by org.testng.reporters.JUnitReportReporter -->
<testsuite hostname="LAPTOP-0LI758I1" name="com.hrms.testscripts.Tc003" tests="1" failures="0" timestamp="8 Nov 2020 11:13:20 GMT" time="0.000" errors="0">
  <testcase name="samaple" time="0.000" classname="com.hrms.testscripts.Tc003"/>
</testsuite> <!-- com.hrms.testscripts.Tc003 -->
