<?xml version="1.0" encoding="UTF-8"?>
<!-- Generated by org.testng.reporters.JUnitReportReporter -->
<testsuite hostname="LAPTOP-0LI758I1" name="com.hrms.lib.General" tests="5" failures="0" timestamp="8 Nov 2020 05:32:07 GMT" time="18.056" errors="0">
  <testcase name="login" time="1.336" classname="com.hrms.lib.General"/>
  <testcase name="goto_emp_page" time="0.707" classname="com.hrms.lib.General"/>
  <testcase name="logout" time="0.252" classname="com.hrms.lib.General"/>
  <testcase name="enter_frames" time="0.030" classname="com.hrms.lib.General"/>
  <testcase name="add_emp" time="15.731" classname="com.hrms.lib.General"/>
</testsuite> <!-- com.hrms.lib.General -->
