<?xml version="1.0" encoding="UTF-8"?>
<!-- Generated by org.testng.reporters.JUnitReportReporter -->
<testsuite hostname="LAPTOP-0LI758I1" name="com.hrms.testscripts.TC002" tests="1" failures="0" timestamp="8 Nov 2020 11:13:20 GMT" time="27.766" errors="0">
  <testcase name="tc002" time="27.766" classname="com.hrms.testscripts.TC002"/>
</testsuite> <!-- com.hrms.testscripts.TC002 -->
